# JRE version: Java(TM) SE Runtime Environment (8.0_121-b13) (build 1.8.0_121-b13)
# Java VM: Java HotSpot(TM) 64-Bit Server VM (25.121-b13 mixed mode linux-amd64 compressed oops)
Heap:
 PSYoungGen      total 1621504K, used 1416161K [0x000000075b500000, 0x00000007c0000000, 0x00000007c0000000)
  eden space 1596416K, 87% used [0x000000075b500000,0x00000007b0f20590,0x00000007bcc00000)
  from space 25088K, 52% used [0x00000007bcc00000,0x00000007bd8d8000,0x00000007be480000)
  to   space 24576K, 0% used [0x00000007be800000,0x00000007be800000,0x00000007c0000000)
 ParOldGen       total 186880K, used 113294K [0x0000000691e00000, 0x000000069d480000, 0x000000075b500000)
  object space 186880K, 60% used [0x0000000691e00000,0x0000000698ca3880,0x000000069d480000)
 Metaspace       used 34194K, capacity 35292K, committed 35456K, reserved 1081344K
  class space    used 3934K, capacity 4195K, committed 4224K, reserved 1048576K
GC Heap History (10 events):
Event: 29.044 GC heap before
{Heap before GC invocations=35 (full 2):
 PSYoungGen      total 1619456K, used 1601449K [0x000000075b500000, 0x00000007bfd00000, 0x00000007c0000000)
  eden space 1596416K, 99% used [0x000000075b500000,0x00000007bca92210,0x00000007bcc00000)
  from space 23040K, 28% used [0x00000007be680000,0x00000007becd8520,0x00000007bfd00000)
  to   space 25088K, 0% used [0x00000007bcc00000,0x00000007bcc00000,0x00000007be480000)
 ParOldGen       total 186880K, used 93589K [0x0000000691e00000, 0x000000069d480000, 0x000000075b500000)
  object space 186880K, 50% used [0x0000000691e00000,0x00000006979657e0,0x000000069d480000)
 Metaspace       used 32872K, capacity 33898K, committed 34176K, reserved 1079296K
  class space    used 3914K, capacity 4146K, committed 4224K, reserved 1048576K
Event: 29.048 GC heap after
Heap after GC invocations=35 (full 2):
 PSYoungGen      total 1621504K, used 6633K [0x000000075b500000, 0x00000007c0000000, 0x00000007c0000000)
  eden space 1596416K, 0% used [0x000000075b500000,0x000000075b500000,0x00000007bcc00000)
  from space 25088K, 26% used [0x00000007bcc00000,0x00000007bd27a720,0x00000007be480000)
  to   space 24064K, 0% used [0x00000007be880000,0x00000007be880000,0x00000007c0000000)
 ParOldGen       total 186880K, used 94301K [0x0000000691e00000, 0x000000069d480000, 0x000000075b500000)
  object space 186880K, 50% used [0x0000000691e00000,0x0000000697a177e0,0x000000069d480000)
 Metaspace       used 32872K, capacity 33898K, committed 34176K, reserved 1079296K
  class space    used 3914K, capacity 4146K, committed 4224K, reserved 1048576K
}
Event: 29.509 GC heap before
{Heap before GC invocations=36 (full 2):
 PSYoungGen      total 1621504K, used 1600715K [0x000000075b500000, 0x00000007c0000000, 0x00000007c0000000)
  eden space 1596416K, 99% used [0x000000075b500000,0x00000007bc9b87e0,0x00000007bcc00000)
  from space 25088K, 26% used [0x00000007bcc00000,0x00000007bd27a720,0x00000007be480000)
  to   space 24064K, 0% used [0x00000007be880000,0x00000007be880000,0x00000007c0000000)
 ParOldGen       total 186880K, used 94301K [0x0000000691e00000, 0x000000069d480000, 0x000000075b500000)
  object space 186880K, 50% used [0x0000000691e00000,0x0000000697a177e0,0x000000069d480000)
 Metaspace       used 32872K, capacity 33898K, committed 34176K, reserved 1079296K
  class space    used 3914K, capacity 4146K, committed 4224K, reserved 1048576K
Event: 29.514 GC heap after
Heap after GC invocations=36 (full 2):
 PSYoungGen      total 1619456K, used 21134K [0x000000075b500000, 0x00000007c0000000, 0x00000007c0000000)
  eden space 1595392K, 0% used [0x000000075b500000,0x000000075b500000,0x00000007bcb00000)
  from space 24064K, 87% used [0x00000007be880000,0x00000007bfd23830,0x00000007c0000000)
  to   space 27136K, 0% used [0x00000007bcb00000,0x00000007bcb00000,0x00000007be580000)
 ParOldGen       total 186880K, used 95005K [0x0000000691e00000, 0x000000069d480000, 0x000000075b500000)
  object space 186880K, 50% used [0x0000000691e00000,0x0000000697ac77e0,0x000000069d480000)
 Metaspace       used 32872K, capacity 33898K, committed 34176K, reserved 1079296K
  class space    used 3914K, capacity 4146K, committed 4224K, reserved 1048576K
}
Event: 29.978 GC heap before
{Heap before GC invocations=37 (full 2):
 PSYoungGen      total 1619456K, used 1614684K [0x000000075b500000, 0x00000007c0000000, 0x00000007c0000000)
  eden space 1595392K, 99% used [0x000000075b500000,0x00000007bc933bc0,0x00000007bcb00000)
  from space 24064K, 87% used [0x00000007be880000,0x00000007bfd23830,0x00000007c0000000)
  to   space 27136K, 0% used [0x00000007bcb00000,0x00000007bcb00000,0x00000007be580000)
 ParOldGen       total 186880K, used 95005K [0x0000000691e00000, 0x000000069d480000, 0x000000075b500000)
  object space 186880K, 50% used [0x0000000691e00000,0x0000000697ac77e0,0x000000069d480000)
 Metaspace       used 32872K, capacity 33898K, committed 34176K, reserved 1079296K
  class space    used 3914K, capacity 4146K, committed 4224K, reserved 1048576K
Event: 29.983 GC heap after
Heap after GC invocations=37 (full 2):
 PSYoungGen      total 1622528K, used 6864K [0x000000075b500000, 0x00000007c0000000, 0x00000007c0000000)
  eden space 1595392K, 0% used [0x000000075b500000,0x000000075b500000,0x00000007bcb00000)
  from space 27136K, 25% used [0x00000007bcb00000,0x00000007bd1b4220,0x00000007be580000)
  to   space 26112K, 0% used [0x00000007be680000,0x00000007be680000,0x00000007c0000000)
 ParOldGen       total 186880K, used 110021K [0x0000000691e00000, 0x000000069d480000, 0x000000075b500000)
  object space 186880K, 58% used [0x0000000691e00000,0x00000006989717f0,0x000000069d480000)
 Metaspace       used 32872K, capacity 33898K, committed 34176K, reserved 1079296K
  class space    used 3914K, capacity 4146K, committed 4224K, reserved 1048576K
}
Event: 34.824 GC heap before
{Heap before GC invocations=38 (full 2):
 PSYoungGen      total 1622528K, used 1602256K [0x000000075b500000, 0x00000007c0000000, 0x00000007c0000000)
  eden space 1595392K, 100% used [0x000000075b500000,0x00000007bcb00000,0x00000007bcb00000)
  from space 27136K, 25% used [0x00000007bcb00000,0x00000007bd1b4220,0x00000007be580000)
  to   space 26112K, 0% used [0x00000007be680000,0x00000007be680000,0x00000007c0000000)
 ParOldGen       total 186880K, used 110021K [0x0000000691e00000, 0x000000069d480000, 0x000000075b500000)
  object space 186880K, 58% used [0x0000000691e00000,0x00000006989717f0,0x000000069d480000)
 Metaspace       used 33201K, capacity 34246K, committed 34432K, reserved 1079296K
  class space    used 3922K, capacity 4156K, committed 4224K, reserved 1048576K
Event: 34.828 GC heap after
Heap after GC invocations=38 (full 2):
 PSYoungGen      total 1619456K, used 6880K [0x000000075b500000, 0x00000007bfd00000, 0x00000007c0000000)
  eden space 1596416K, 0% used [0x000000075b500000,0x000000075b500000,0x00000007bcc00000)
  from space 23040K, 29% used [0x00000007be680000,0x00000007bed38090,0x00000007bfd00000)
  to   space 25088K, 0% used [0x00000007bcc00000,0x00000007bcc00000,0x00000007be480000)
 ParOldGen       total 186880K, used 110029K [0x0000000691e00000, 0x000000069d480000, 0x000000075b500000)
  object space 186880K, 58% used [0x0000000691e00000,0x00000006989737f0,0x000000069d480000)
 Metaspace       used 33201K, capacity 34246K, committed 34432K, reserved 1079296K
  class space    used 3922K, capacity 4156K, committed 4224K, reserved 1048576K
}
Event: 41.257 GC heap before
{Heap before GC invocations=39 (full 2):
 PSYoungGen      total 1619456K, used 1603296K [0x000000075b500000, 0x00000007bfd00000, 0x00000007c0000000)
  eden space 1596416K, 100% used [0x000000075b500000,0x00000007bcc00000,0x00000007bcc00000)
  from space 23040K, 29% used [0x00000007be680000,0x00000007bed38090,0x00000007bfd00000)
  to   space 25088K, 0% used [0x00000007bcc00000,0x00000007bcc00000,0x00000007be480000)
 ParOldGen       total 186880K, used 110029K [0x0000000691e00000, 0x000000069d480000, 0x000000075b500000)
  object space 186880K, 58% used [0x0000000691e00000,0x00000006989737f0,0x000000069d480000)
 Metaspace       used 33352K, capacity 34474K, committed 34688K, reserved 1079296K
  class space    used 3927K, capacity 4188K, committed 4224K, reserved 1048576K
Event: 41.264 GC heap after
Heap after GC invocations=39 (full 2):
 PSYoungGen      total 1621504K, used 13152K [0x000000075b500000, 0x00000007c0000000, 0x00000007c0000000)
  eden space 1596416K, 0% used [0x000000075b500000,0x000000075b500000,0x00000007bcc00000)
  from space 25088K, 52% used [0x00000007bcc00000,0x00000007bd8d8000,0x00000007be480000)
  to   space 24576K, 0% used [0x00000007be800000,0x00000007be800000,0x00000007c0000000)
 ParOldGen       total 186880K, used 113294K [0x0000000691e00000, 0x000000069d480000, 0x000000075b500000)
  object space 186880K, 60% used [0x0000000691e00000,0x0000000698ca3880,0x000000069d480000)
 Metaspace       used 33352K, capacity 34474K, committed 34688K, reserved 1079296K
  class space    used 3927K, capacity 4188K, committed 4224K, reserved 1048576K
}

